#
# A fatal error has been detected by the Java Runtime Environment:
#
#  EXCEPTION_ACCESS_VIOLATION (0xc0000005) at pc=0x00007ffd569fcce6, pid=26292, tid=26820
#
# JRE version: OpenJDK Runtime Environment JBR-11.0.14.1.1-2043.25-jcef (11.0.14.1+1) (build 11.0.14.1+1-b2043.25)
# Java VM: OpenJDK 64-Bit Server VM JBR-11.0.14.1.1-2043.25-jcef (11.0.14.1+1-b2043.25, mixed mode, tiered, compressed oops, g1 gc, windows-amd64)
# Problematic frame:
# C  [ig9icd64.dll+0x6cce6]
#
# No core dump will be written. Minidumps are not enabled by default on client versions of Windows
#
# If you would like to submit a bug report, please visit:
#   https://bugreport.java.com/bugreport/crash.jsp
# The crash happened outside the Java Virtual Machine in native code.
# See problematic frame for where to report the bug.
#

---------------  S U M M A R Y ------------

Command Line: -Dfile.encoding=windows-1252 -Duser.country=US -Duser.language=en -Duser.variant -ea Main

Host: Intel(R) Core(TM) i7-7500U CPU @ 2.70GHz, 4 cores, 7G,  Windows 10 , 64 bit Build 19041 (10.0.19041.1566)
Time: Wed Apr 13 13:20:18 2022 E. Africa Standard Time elapsed time: 1.467142 seconds (0d 0h 0m 1s)

---------------  T H R E A D  ---------------

Current thread (0x00000183f4b8b000):  JavaThread "main" [_thread_in_native, id=26820, stack(0x0000005fdb000000,0x0000005fdb100000)]

Stack: [0x0000005fdb000000,0x0000005fdb100000],  sp=0x0000005fdb0fe320,  free space=1016k
Native frames: (J=compiled Java code, j=interpreted, Vv=VM code, C=native code)
C  [ig9icd64.dll+0x6cce6]

Java frames: (J=compiled Java code, j=interpreted, Vv=VM code)
j  org.lwjgl.opengl.GL11C.nglTexImage2D(IIIIIIIIJ)V+0
j  org.lwjgl.opengl.GL11C.glTexImage2D(IIIIIIIILjava/nio/ByteBuffer;)V+17
j  org.lwjgl.opengl.GL11.glTexImage2D(IIIIIIIILjava/nio/ByteBuffer;)V+14
j  render.Texture.<init>(Ljava/lang/String;)V+132
j  bazu.LevelEditorScene.init()V+45
j  bazu.Window.changeScene(I)V+41
j  bazu.Window.init()V+162
j  bazu.Window.run()V+15
j  Main.main([Ljava/lang/String;)V+5
v  ~StubRoutines::call_stub

siginfo: EXCEPTION_ACCESS_VIOLATION (0xc0000005), reading address 0x0000018399d81000


Register to memory mapping:

RIP=0x00007ffd569fcce6 ig9icd64.dll
RAX=0x000000000001519f is an unknown value
RBX=0x0000018393320000 points into unknown readable memory: 0xffffffffffffffff | ff ff ff ff ff ff ff ff
RCX=0x0 is NULL
RDX=0x0000018399d80fc0 points into unknown readable memory: 0x0000000000000000 | 00 00 00 00 00 00 00 00
RSP=0x0000005fdb0fe320 is pointing into the stack for thread: 0x00000183f4b8b000
RBP=0x0000005fdb0fe450 is pointing into the stack for thread: 0x00000183f4b8b000
RSI=0x0000018393320000 points into unknown readable memory: 0xffffffffffffffff | ff ff ff ff ff ff ff ff
RDI=0x0000018393dacf80 points into unknown readable memory: 0x0000000000000000 | 00 00 00 00 00 00 00 00
R8 =0x0000000000e10000 is an unknown value
R9 =0x000000000001c200 is an unknown value
R10=0x00000000000151a0 is an unknown value
R11=0x000001838ff94954 points into unknown readable memory: 00 00 00 00
R12=0x00007ffd56990000 ig9icd64.dll
R13=0x00000000000001c1 is an unknown value
R14=0x0000005fdb0fe540 is pointing into the stack for thread: 0x00000183f4b8b000
R15=0x0 is NULL


Registers:
RAX=0x000000000001519f, RBX=0x0000018393320000, RCX=0x0000000000000000, RDX=0x0000018399d80fc0
RSP=0x0000005fdb0fe320, RBP=0x0000005fdb0fe450, RSI=0x0000018393320000, RDI=0x0000018393dacf80
R8 =0x0000000000e10000, R9 =0x000000000001c200, R10=0x00000000000151a0, R11=0x000001838ff94954
R12=0x00007ffd56990000, R13=0x00000000000001c1, R14=0x0000005fdb0fe540, R15=0x0000000000000000
RIP=0x00007ffd569fcce6, EFLAGS=0x0000000000010217

Top of Stack: (sp=0x0000005fdb0fe320)
0x0000005fdb0fe320:   0000000000000000 0000000000000000
0x0000005fdb0fe330:   0000000000000000 0000000000000000
0x0000005fdb0fe340:   00000183992f4040 00007ffd5735174b
0x0000005fdb0fe350:   0000000000000001 0000005fdb0fe450
0x0000005fdb0fe360:   00000183992f4040 0000000000000000
0x0000005fdb0fe370:   0000000000000049 0000000000000001
0x0000005fdb0fe380:   00000183992f4040 00007ffd56ef0200
0x0000005fdb0fe390:   8000014040000200 0000000000000000
0x0000005fdb0fe3a0:   00007ffd5765c230 000001838ff7bac0
0x0000005fdb0fe3b0:   0000078000000780 0000004900000000
0x0000005fdb0fe3c0:   00001e0000000004 00000183992f4040
0x0000005fdb0fe3d0:   000000048ff20049 0000000000001e00
0x0000005fdb0fe3e0:   0000018393320000 0000000000000000
0x0000005fdb0fe3f0:   00000183903db9b0 00000183903db990
0x0000005fdb0fe400:   0000000000000002 0000000000000000
0x0000005fdb0fe410:   000001838ff7bac0 0000000000000002 

Instructions: (pc=0x00007ffd569fcce6)
0x00007ffd569fcbe6:   03 d1 66 0f f7 c1 49 03 f9 41 8b c1 44 8b d1 4c
0x00007ffd569fcbf6:   2b c0 0f 29 74 24 10 4d 8b c8 0f 29 3c 24 49 c1
0x00007ffd569fcc06:   e9 07 f6 c2 0f 0f 84 af 00 00 00 4d 85 c9 74 6b
0x00007ffd569fcc16:   66 66 0f 1f 84 00 00 00 00 00 f3 0f 6f 02 41 ff
0x00007ffd569fcc26:   c2 f3 0f 6f 4a 10 41 8b c2 f3 0f 6f 52 20 f3 0f
0x00007ffd569fcc36:   6f 5a 30 f3 0f 6f 62 40 f3 0f 6f 6a 50 f3 0f 6f
0x00007ffd569fcc46:   72 60 f3 0f 6f 7a 70 66 0f e7 07 66 0f e7 4f 10
0x00007ffd569fcc56:   66 0f e7 57 20 66 0f e7 5f 30 66 0f e7 67 40 66
0x00007ffd569fcc66:   0f e7 6f 50 66 0f e7 77 60 66 0f e7 7f 70 48 83
0x00007ffd569fcc76:   ef 80 48 83 ea 80 49 3b c1 72 9f 41 83 e0 7f 0f
0x00007ffd569fcc86:   84 e0 00 00 00 45 8b d0 44 8b c9 49 c1 ea 04 4d
0x00007ffd569fcc96:   85 d2 0f 84 cd 00 00 00 66 90 f3 0f 6f 02 41 ff
0x00007ffd569fcca6:   c1 48 83 c2 10 41 8b c1 66 0f e7 07 48 83 c7 10
0x00007ffd569fccb6:   49 3b c2 72 e5 e9 ab 00 00 00 4d 85 c9 74 6c 66
0x00007ffd569fccc6:   66 66 0f 1f 84 00 00 00 00 00 f3 0f 6f 02 41 ff
0x00007ffd569fccd6:   c2 f3 0f 6f 4a 10 f3 0f 6f 52 20 f3 0f 6f 5a 30
0x00007ffd569fcce6:   f3 0f 6f 62 40 f3 0f 6f 6a 50 f3 0f 6f 72 60 f3
0x00007ffd569fccf6:   0f 6f 7a 70 48 83 ea 80 66 0f e7 07 66 0f e7 4f
0x00007ffd569fcd06:   10 66 0f e7 57 20 66 0f e7 5f 30 66 0f e7 67 40
0x00007ffd569fcd16:   66 0f e7 6f 50 66 0f e7 77 60 66 0f e7 7f 70 48
0x00007ffd569fcd26:   83 ef 80 41 8b c2 49 3b c1 72 9f 41 83 e0 7f 74
0x00007ffd569fcd36:   34 45 8b d0 44 8b c9 49 c1 ea 04 4d 85 d2 74 25
0x00007ffd569fcd46:   66 66 0f 1f 84 00 00 00 00 00 f3 0f 6f 02 41 ff
0x00007ffd569fcd56:   c1 66 0f e7 07 48 83 c7 10 41 8b c1 48 83 c2 10
0x00007ffd569fcd66:   49 3b c2 72 e5 0f 28 74 24 10 0f 28 3c 24 41 83
0x00007ffd569fcd76:   e0 0f 74 49 45 8b d0 44 8b c9 49 c1 ea 02 4d 85
0x00007ffd569fcd86:   d2 74 1e 0f 1f 80 00 00 00 00 8b 02 41 ff c1 89
0x00007ffd569fcd96:   07 48 83 c2 04 48 83 c7 04 41 8b c1 49 3b c2 72
0x00007ffd569fcda6:   e9 41 83 e0 03 76 16 48 2b d7 0f b6 04 3a ff c1
0x00007ffd569fcdb6:   88 07 48 8d 7f 01 8b c1 49 3b c0 72 ed 48 83 c4
0x00007ffd569fcdc6:   20 5f c3 cc cc cc cc cc cc cc 40 53 48 83 ec 20
0x00007ffd569fcdd6:   48 8b da 48 8b d1 48 8b 0b 48 85 c9 74 2d 48 8b 


Stack slot to memory mapping:
stack at sp + 0 slots: 0x0 is NULL
stack at sp + 1 slots: 0x0 is NULL
stack at sp + 2 slots: 0x0 is NULL
stack at sp + 3 slots: 0x0 is NULL
stack at sp + 4 slots: 0x00000183992f4040 points into unknown readable memory: 0xffffffffffffffff | ff ff ff ff ff ff ff ff
stack at sp + 5 slots: 0x00007ffd5735174b ig9icd64.dll
stack at sp + 6 slots: 0x0000000000000001 is an unknown value
stack at sp + 7 slots: 0x0000005fdb0fe450 is pointing into the stack for thread: 0x00000183f4b8b000


---------------  P R O C E S S  ---------------

Threads class SMR info:
_java_thread_list=0x000001838fa71af0, length=10, elements={
0x00000183f4b8b000, 0x00000183fff28800, 0x00000183fff32000, 0x00000183fff44000,
0x00000183fff45800, 0x00000183fff47800, 0x00000183fff56000, 0x00000183fff5c000,
0x00000183fff66000, 0x000001838fa8e000
}

Java Threads: ( => current thread )
=>0x00000183f4b8b000 JavaThread "main" [_thread_in_native, id=26820, stack(0x0000005fdb000000,0x0000005fdb100000)]
  0x00000183fff28800 JavaThread "Reference Handler" daemon [_thread_blocked, id=4560, stack(0x0000005fdb700000,0x0000005fdb800000)]
  0x00000183fff32000 JavaThread "Finalizer" daemon [_thread_blocked, id=25128, stack(0x0000005fdb800000,0x0000005fdb900000)]
  0x00000183fff44000 JavaThread "Signal Dispatcher" daemon [_thread_blocked, id=28264, stack(0x0000005fdb900000,0x0000005fdba00000)]
  0x00000183fff45800 JavaThread "Attach Listener" daemon [_thread_blocked, id=4840, stack(0x0000005fdba00000,0x0000005fdbb00000)]
  0x00000183fff47800 JavaThread "Service Thread" daemon [_thread_blocked, id=29364, stack(0x0000005fdbb00000,0x0000005fdbc00000)]
  0x00000183fff56000 JavaThread "C2 CompilerThread0" daemon [_thread_blocked, id=29256, stack(0x0000005fdbc00000,0x0000005fdbd00000)]
  0x00000183fff5c000 JavaThread "C1 CompilerThread0" daemon [_thread_blocked, id=19824, stack(0x0000005fdbd00000,0x0000005fdbe00000)]
  0x00000183fff66000 JavaThread "Sweeper thread" daemon [_thread_blocked, id=22372, stack(0x0000005fdbe00000,0x0000005fdbf00000)]
  0x000001838fa8e000 JavaThread "Common-Cleaner" daemon [_thread_blocked, id=20580, stack(0x0000005fdc000000,0x0000005fdc100000)]

Other Threads:
  0x00000183fff04800 VMThread "VM Thread" [stack: 0x0000005fdb600000,0x0000005fdb700000] [id=30472]
  0x000001838fa8b800 WatcherThread [stack: 0x0000005fdbf00000,0x0000005fdc000000] [id=27864]
  0x00000183f4ba3800 GCTaskThread "GC Thread#0" [stack: 0x0000005fdb100000,0x0000005fdb200000] [id=7880]
  0x00000183f4bd4000 ConcurrentGCThread "G1 Main Marker" [stack: 0x0000005fdb200000,0x0000005fdb300000] [id=29040]
  0x00000183f4bd7800 ConcurrentGCThread "G1 Conc#0" [stack: 0x0000005fdb300000,0x0000005fdb400000] [id=17912]
  0x00000183f4c6c000 ConcurrentGCThread "G1 Refine#0" [stack: 0x0000005fdb400000,0x0000005fdb500000] [id=28352]
  0x00000183f4c6d000 ConcurrentGCThread "G1 Young RemSet Sampling" [stack: 0x0000005fdb500000,0x0000005fdb600000] [id=24036]

Threads with active compile tasks:

VM state:not at safepoint (normal execution)

VM Mutex/Monitor currently owned by a thread: None

Heap address: 0x0000000081c00000, size: 2020 MB, Compressed Oops mode: 32-bit
Narrow klass base: 0x0000000000000000, Narrow klass shift: 3
Compressed class space size: 1073741824 Address: 0x0000000100000000

Heap:
 garbage-first heap   total 131072K, used 10240K [0x0000000081c00000, 0x0000000100000000)
  region size 1024K, 11 young (11264K), 0 survivors (0K)
 Metaspace       used 10018K, capacity 10174K, committed 10368K, reserved 1058816K
  class space    used 738K, capacity 804K, committed 896K, reserved 1048576K
Heap Regions: E=young(eden), S=young(survivor), O=old, HS=humongous(starts), HC=humongous(continues), CS=collection set, F=free, A=archive, TAMS=top-at-mark-start (previous, next)
|   0|0x0000000081c00000, 0x0000000081c00000, 0x0000000081d00000|  0%| F|  |TAMS 0x0000000081c00000, 0x0000000081c00000| Untracked 
|   1|0x0000000081d00000, 0x0000000081d00000, 0x0000000081e00000|  0%| F|  |TAMS 0x0000000081d00000, 0x0000000081d00000| Untracked 
|   2|0x0000000081e00000, 0x0000000081e00000, 0x0000000081f00000|  0%| F|  |TAMS 0x0000000081e00000, 0x0000000081e00000| Untracked 
|   3|0x0000000081f00000, 0x0000000081f00000, 0x0000000082000000|  0%| F|  |TAMS 0x0000000081f00000, 0x0000000081f00000| Untracked 
|   4|0x0000000082000000, 0x0000000082000000, 0x0000000082100000|  0%| F|  |TAMS 0x0000000082000000, 0x0000000082000000| Untracked 
|   5|0x0000000082100000, 0x0000000082100000, 0x0000000082200000|  0%| F|  |TAMS 0x0000000082100000, 0x0000000082100000| Untracked 
|   6|0x0000000082200000, 0x0000000082200000, 0x0000000082300000|  0%| F|  |TAMS 0x0000000082200000, 0x0000000082200000| Untracked 
|   7|0x0000000082300000, 0x0000000082300000, 0x0000000082400000|  0%| F|  |TAMS 0x0000000082300000, 0x0000000082300000| Untracked 
|   8|0x0000000082400000, 0x0000000082400000, 0x0000000082500000|  0%| F|  |TAMS 0x0000000082400000, 0x0000000082400000| Untracked 
|   9|0x0000000082500000, 0x0000000082500000, 0x0000000082600000|  0%| F|  |TAMS 0x0000000082500000, 0x0000000082500000| Untracked 
|  10|0x0000000082600000, 0x0000000082600000, 0x0000000082700000|  0%| F|  |TAMS 0x0000000082600000, 0x0000000082600000| Untracked 
|  11|0x0000000082700000, 0x0000000082700000, 0x0000000082800000|  0%| F|  |TAMS 0x0000000082700000, 0x0000000082700000| Untracked 
|  12|0x0000000082800000, 0x0000000082800000, 0x0000000082900000|  0%| F|  |TAMS 0x0000000082800000, 0x0000000082800000| Untracked 
|  13|0x0000000082900000, 0x0000000082900000, 0x0000000082a00000|  0%| F|  |TAMS 0x0000000082900000, 0x0000000082900000| Untracked 
|  14|0x0000000082a00000, 0x0000000082a00000, 0x0000000082b00000|  0%| F|  |TAMS 0x0000000082a00000, 0x0000000082a00000| Untracked 
|  15|0x0000000082b00000, 0x0000000082b00000, 0x0000000082c00000|  0%| F|  |TAMS 0x0000000082b00000, 0x0000000082b00000| Untracked 
|  16|0x0000000082c00000, 0x0000000082c00000, 0x0000000082d00000|  0%| F|  |TAMS 0x0000000082c00000, 0x0000000082c00000| Untracked 
|  17|0x0000000082d00000, 0x0000000082d00000, 0x0000000082e00000|  0%| F|  |TAMS 0x0000000082d00000, 0x0000000082d00000| Untracked 
|  18|0x0000000082e00000, 0x0000000082e00000, 0x0000000082f00000|  0%| F|  |TAMS 0x0000000082e00000, 0x0000000082e00000| Untracked 
|  19|0x0000000082f00000, 0x0000000082f00000, 0x0000000083000000|  0%| F|  |TAMS 0x0000000082f00000, 0x0000000082f00000| Untracked 
|  20|0x0000000083000000, 0x0000000083000000, 0x0000000083100000|  0%| F|  |TAMS 0x0000000083000000, 0x0000000083000000| Untracked 
|  21|0x0000000083100000, 0x0000000083100000, 0x0000000083200000|  0%| F|  |TAMS 0x0000000083100000, 0x0000000083100000| Untracked 
|  22|0x0000000083200000, 0x0000000083200000, 0x0000000083300000|  0%| F|  |TAMS 0x0000000083200000, 0x0000000083200000| Untracked 
|  23|0x0000000083300000, 0x0000000083300000, 0x0000000083400000|  0%| F|  |TAMS 0x0000000083300000, 0x0000000083300000| Untracked 
|  24|0x0000000083400000, 0x0000000083400000, 0x0000000083500000|  0%| F|  |TAMS 0x0000000083400000, 0x0000000083400000| Untracked 
|  25|0x0000000083500000, 0x0000000083500000, 0x0000000083600000|  0%| F|  |TAMS 0x0000000083500000, 0x0000000083500000| Untracked 
|  26|0x0000000083600000, 0x0000000083600000, 0x0000000083700000|  0%| F|  |TAMS 0x0000000083600000, 0x0000000083600000| Untracked 
|  27|0x0000000083700000, 0x0000000083700000, 0x0000000083800000|  0%| F|  |TAMS 0x0000000083700000, 0x0000000083700000| Untracked 
|  28|0x0000000083800000, 0x0000000083800000, 0x0000000083900000|  0%| F|  |TAMS 0x0000000083800000, 0x0000000083800000| Untracked 
|  29|0x0000000083900000, 0x0000000083900000, 0x0000000083a00000|  0%| F|  |TAMS 0x0000000083900000, 0x0000000083900000| Untracked 
|  30|0x0000000083a00000, 0x0000000083a00000, 0x0000000083b00000|  0%| F|  |TAMS 0x0000000083a00000, 0x0000000083a00000| Untracked 
|  31|0x0000000083b00000, 0x0000000083b00000, 0x0000000083c00000|  0%| F|  |TAMS 0x0000000083b00000, 0x0000000083b00000| Untracked 
|  32|0x0000000083c00000, 0x0000000083c00000, 0x0000000083d00000|  0%| F|  |TAMS 0x0000000083c00000, 0x0000000083c00000| Untracked 
|  33|0x0000000083d00000, 0x0000000083d00000, 0x0000000083e00000|  0%| F|  |TAMS 0x0000000083d00000, 0x0000000083d00000| Untracked 
|  34|0x0000000083e00000, 0x0000000083e00000, 0x0000000083f00000|  0%| F|  |TAMS 0x0000000083e00000, 0x0000000083e00000| Untracked 
|  35|0x0000000083f00000, 0x0000000083f00000, 0x0000000084000000|  0%| F|  |TAMS 0x0000000083f00000, 0x0000000083f00000| Untracked 
|  36|0x0000000084000000, 0x0000000084000000, 0x0000000084100000|  0%| F|  |TAMS 0x0000000084000000, 0x0000000084000000| Untracked 
|  37|0x0000000084100000, 0x0000000084100000, 0x0000000084200000|  0%| F|  |TAMS 0x0000000084100000, 0x0000000084100000| Untracked 
|  38|0x0000000084200000, 0x0000000084200000, 0x0000000084300000|  0%| F|  |TAMS 0x0000000084200000, 0x0000000084200000| Untracked 
|  39|0x0000000084300000, 0x0000000084300000, 0x0000000084400000|  0%| F|  |TAMS 0x0000000084300000, 0x0000000084300000| Untracked 
|  40|0x0000000084400000, 0x0000000084400000, 0x0000000084500000|  0%| F|  |TAMS 0x0000000084400000, 0x0000000084400000| Untracked 
|  41|0x0000000084500000, 0x0000000084500000, 0x0000000084600000|  0%| F|  |TAMS 0x0000000084500000, 0x0000000084500000| Untracked 
|  42|0x0000000084600000, 0x0000000084600000, 0x0000000084700000|  0%| F|  |TAMS 0x0000000084600000, 0x0000000084600000| Untracked 
|  43|0x0000000084700000, 0x0000000084700000, 0x0000000084800000|  0%| F|  |TAMS 0x0000000084700000, 0x0000000084700000| Untracked 
|  44|0x0000000084800000, 0x0000000084800000, 0x0000000084900000|  0%| F|  |TAMS 0x0000000084800000, 0x0000000084800000| Untracked 
|  45|0x0000000084900000, 0x0000000084900000, 0x0000000084a00000|  0%| F|  |TAMS 0x0000000084900000, 0x0000000084900000| Untracked 
|  46|0x0000000084a00000, 0x0000000084a00000, 0x0000000084b00000|  0%| F|  |TAMS 0x0000000084a00000, 0x0000000084a00000| Untracked 
|  47|0x0000000084b00000, 0x0000000084b00000, 0x0000000084c00000|  0%| F|  |TAMS 0x0000000084b00000, 0x0000000084b00000| Untracked 
|  48|0x0000000084c00000, 0x0000000084c00000, 0x0000000084d00000|  0%| F|  |TAMS 0x0000000084c00000, 0x0000000084c00000| Untracked 
|  49|0x0000000084d00000, 0x0000000084d00000, 0x0000000084e00000|  0%| F|  |TAMS 0x0000000084d00000, 0x0000000084d00000| Untracked 
|  50|0x0000000084e00000, 0x0000000084e00000, 0x0000000084f00000|  0%| F|  |TAMS 0x0000000084e00000, 0x0000000084e00000| Untracked 
|  51|0x0000000084f00000, 0x0000000084f00000, 0x0000000085000000|  0%| F|  |TAMS 0x0000000084f00000, 0x0000000084f00000| Untracked 
|  52|0x0000000085000000, 0x0000000085000000, 0x0000000085100000|  0%| F|  |TAMS 0x0000000085000000, 0x0000000085000000| Untracked 
|  53|0x0000000085100000, 0x0000000085100000, 0x0000000085200000|  0%| F|  |TAMS 0x0000000085100000, 0x0000000085100000| Untracked 
|  54|0x0000000085200000, 0x0000000085200000, 0x0000000085300000|  0%| F|  |TAMS 0x0000000085200000, 0x0000000085200000| Untracked 
|  55|0x0000000085300000, 0x0000000085300000, 0x0000000085400000|  0%| F|  |TAMS 0x0000000085300000, 0x0000000085300000| Untracked 
|  56|0x0000000085400000, 0x0000000085400000, 0x0000000085500000|  0%| F|  |TAMS 0x0000000085400000, 0x0000000085400000| Untracked 
|  57|0x0000000085500000, 0x0000000085500000, 0x0000000085600000|  0%| F|  |TAMS 0x0000000085500000, 0x0000000085500000| Untracked 
|  58|0x0000000085600000, 0x0000000085600000, 0x0000000085700000|  0%| F|  |TAMS 0x0000000085600000, 0x0000000085600000| Untracked 
|  59|0x0000000085700000, 0x0000000085700000, 0x0000000085800000|  0%| F|  |TAMS 0x0000000085700000, 0x0000000085700000| Untracked 
|  60|0x0000000085800000, 0x0000000085800000, 0x0000000085900000|  0%| F|  |TAMS 0x0000000085800000, 0x0000000085800000| Untracked 
|  61|0x0000000085900000, 0x0000000085900000, 0x0000000085a00000|  0%| F|  |TAMS 0x0000000085900000, 0x0000000085900000| Untracked 
|  62|0x0000000085a00000, 0x0000000085a00000, 0x0000000085b00000|  0%| F|  |TAMS 0x0000000085a00000, 0x0000000085a00000| Untracked 
|  63|0x0000000085b00000, 0x0000000085b00000, 0x0000000085c00000|  0%| F|  |TAMS 0x0000000085b00000, 0x0000000085b00000| Untracked 
|  64|0x0000000085c00000, 0x0000000085c00000, 0x0000000085d00000|  0%| F|  |TAMS 0x0000000085c00000, 0x0000000085c00000| Untracked 
|  65|0x0000000085d00000, 0x0000000085d00000, 0x0000000085e00000|  0%| F|  |TAMS 0x0000000085d00000, 0x0000000085d00000| Untracked 
|  66|0x0000000085e00000, 0x0000000085e00000, 0x0000000085f00000|  0%| F|  |TAMS 0x0000000085e00000, 0x0000000085e00000| Untracked 
|  67|0x0000000085f00000, 0x0000000085f00000, 0x0000000086000000|  0%| F|  |TAMS 0x0000000085f00000, 0x0000000085f00000| Untracked 
|  68|0x0000000086000000, 0x0000000086000000, 0x0000000086100000|  0%| F|  |TAMS 0x0000000086000000, 0x0000000086000000| Untracked 
|  69|0x0000000086100000, 0x0000000086100000, 0x0000000086200000|  0%| F|  |TAMS 0x0000000086100000, 0x0000000086100000| Untracked 
|  70|0x0000000086200000, 0x0000000086200000, 0x0000000086300000|  0%| F|  |TAMS 0x0000000086200000, 0x0000000086200000| Untracked 
|  71|0x0000000086300000, 0x0000000086300000, 0x0000000086400000|  0%| F|  |TAMS 0x0000000086300000, 0x0000000086300000| Untracked 
|  72|0x0000000086400000, 0x0000000086400000, 0x0000000086500000|  0%| F|  |TAMS 0x0000000086400000, 0x0000000086400000| Untracked 
|  73|0x0000000086500000, 0x0000000086500000, 0x0000000086600000|  0%| F|  |TAMS 0x0000000086500000, 0x0000000086500000| Untracked 
|  74|0x0000000086600000, 0x0000000086600000, 0x0000000086700000|  0%| F|  |TAMS 0x0000000086600000, 0x0000000086600000| Untracked 
|  75|0x0000000086700000, 0x0000000086700000, 0x0000000086800000|  0%| F|  |TAMS 0x0000000086700000, 0x0000000086700000| Untracked 
|  76|0x0000000086800000, 0x0000000086800000, 0x0000000086900000|  0%| F|  |TAMS 0x0000000086800000, 0x0000000086800000| Untracked 
|  77|0x0000000086900000, 0x0000000086900000, 0x0000000086a00000|  0%| F|  |TAMS 0x0000000086900000, 0x0000000086900000| Untracked 
|  78|0x0000000086a00000, 0x0000000086a00000, 0x0000000086b00000|  0%| F|  |TAMS 0x0000000086a00000, 0x0000000086a00000| Untracked 
|  79|0x0000000086b00000, 0x0000000086b00000, 0x0000000086c00000|  0%| F|  |TAMS 0x0000000086b00000, 0x0000000086b00000| Untracked 
|  80|0x0000000086c00000, 0x0000000086c00000, 0x0000000086d00000|  0%| F|  |TAMS 0x0000000086c00000, 0x0000000086c00000| Untracked 
|  81|0x0000000086d00000, 0x0000000086d00000, 0x0000000086e00000|  0%| F|  |TAMS 0x0000000086d00000, 0x0000000086d00000| Untracked 
|  82|0x0000000086e00000, 0x0000000086e00000, 0x0000000086f00000|  0%| F|  |TAMS 0x0000000086e00000, 0x0000000086e00000| Untracked 
|  83|0x0000000086f00000, 0x0000000086f00000, 0x0000000087000000|  0%| F|  |TAMS 0x0000000086f00000, 0x0000000086f00000| Untracked 
|  84|0x0000000087000000, 0x0000000087000000, 0x0000000087100000|  0%| F|  |TAMS 0x0000000087000000, 0x0000000087000000| Untracked 
|  85|0x0000000087100000, 0x0000000087100000, 0x0000000087200000|  0%| F|  |TAMS 0x0000000087100000, 0x0000000087100000| Untracked 
|  86|0x0000000087200000, 0x0000000087200000, 0x0000000087300000|  0%| F|  |TAMS 0x0000000087200000, 0x0000000087200000| Untracked 
|  87|0x0000000087300000, 0x0000000087300000, 0x0000000087400000|  0%| F|  |TAMS 0x0000000087300000, 0x0000000087300000| Untracked 
|  88|0x0000000087400000, 0x0000000087400000, 0x0000000087500000|  0%| F|  |TAMS 0x0000000087400000, 0x0000000087400000| Untracked 
|  89|0x0000000087500000, 0x0000000087500000, 0x0000000087600000|  0%| F|  |TAMS 0x0000000087500000, 0x0000000087500000| Untracked 
|  90|0x0000000087600000, 0x0000000087600000, 0x0000000087700000|  0%| F|  |TAMS 0x0000000087600000, 0x0000000087600000| Untracked 
|  91|0x0000000087700000, 0x0000000087700000, 0x0000000087800000|  0%| F|  |TAMS 0x0000000087700000, 0x0000000087700000| Untracked 
|  92|0x0000000087800000, 0x0000000087800000, 0x0000000087900000|  0%| F|  |TAMS 0x0000000087800000, 0x0000000087800000| Untracked 
|  93|0x0000000087900000, 0x0000000087900000, 0x0000000087a00000|  0%| F|  |TAMS 0x0000000087900000, 0x0000000087900000| Untracked 
|  94|0x0000000087a00000, 0x0000000087a00000, 0x0000000087b00000|  0%| F|  |TAMS 0x0000000087a00000, 0x0000000087a00000| Untracked 
|  95|0x0000000087b00000, 0x0000000087b00000, 0x0000000087c00000|  0%| F|  |TAMS 0x0000000087b00000, 0x0000000087b00000| Untracked 
|  96|0x0000000087c00000, 0x0000000087c00000, 0x0000000087d00000|  0%| F|  |TAMS 0x0000000087c00000, 0x0000000087c00000| Untracked 
|  97|0x0000000087d00000, 0x0000000087d00000, 0x0000000087e00000|  0%| F|  |TAMS 0x0000000087d00000, 0x0000000087d00000| Untracked 
|  98|0x0000000087e00000, 0x0000000087e00000, 0x0000000087f00000|  0%| F|  |TAMS 0x0000000087e00000, 0x0000000087e00000| Untracked 
|  99|0x0000000087f00000, 0x0000000087f00000, 0x0000000088000000|  0%| F|  |TAMS 0x0000000087f00000, 0x0000000087f00000| Untracked 
| 100|0x0000000088000000, 0x0000000088000000, 0x0000000088100000|  0%| F|  |TAMS 0x0000000088000000, 0x0000000088000000| Untracked 
| 101|0x0000000088100000, 0x0000000088100000, 0x0000000088200000|  0%| F|  |TAMS 0x0000000088100000, 0x0000000088100000| Untracked 
| 102|0x0000000088200000, 0x0000000088200000, 0x0000000088300000|  0%| F|  |TAMS 0x0000000088200000, 0x0000000088200000| Untracked 
| 103|0x0000000088300000, 0x0000000088300000, 0x0000000088400000|  0%| F|  |TAMS 0x0000000088300000, 0x0000000088300000| Untracked 
| 104|0x0000000088400000, 0x0000000088400000, 0x0000000088500000|  0%| F|  |TAMS 0x0000000088400000, 0x0000000088400000| Untracked 
| 105|0x0000000088500000, 0x0000000088500000, 0x0000000088600000|  0%| F|  |TAMS 0x0000000088500000, 0x0000000088500000| Untracked 
| 106|0x0000000088600000, 0x0000000088600000, 0x0000000088700000|  0%| F|  |TAMS 0x0000000088600000, 0x0000000088600000| Untracked 
| 107|0x0000000088700000, 0x0000000088700000, 0x0000000088800000|  0%| F|  |TAMS 0x0000000088700000, 0x0000000088700000| Untracked 
| 108|0x0000000088800000, 0x0000000088800000, 0x0000000088900000|  0%| F|  |TAMS 0x0000000088800000, 0x0000000088800000| Untracked 
| 109|0x0000000088900000, 0x0000000088900000, 0x0000000088a00000|  0%| F|  |TAMS 0x0000000088900000, 0x0000000088900000| Untracked 
| 110|0x0000000088a00000, 0x0000000088a00000, 0x0000000088b00000|  0%| F|  |TAMS 0x0000000088a00000, 0x0000000088a00000| Untracked 
| 111|0x0000000088b00000, 0x0000000088b00000, 0x0000000088c00000|  0%| F|  |TAMS 0x0000000088b00000, 0x0000000088b00000| Untracked 
| 112|0x0000000088c00000, 0x0000000088c00000, 0x0000000088d00000|  0%| F|  |TAMS 0x0000000088c00000, 0x0000000088c00000| Untracked 
| 113|0x0000000088d00000, 0x0000000088d00000, 0x0000000088e00000|  0%| F|  |TAMS 0x0000000088d00000, 0x0000000088d00000| Untracked 
| 114|0x0000000088e00000, 0x0000000088e00000, 0x0000000088f00000|  0%| F|  |TAMS 0x0000000088e00000, 0x0000000088e00000| Untracked 
| 115|0x0000000088f00000, 0x0000000088f00000, 0x0000000089000000|  0%| F|  |TAMS 0x0000000088f00000, 0x0000000088f00000| Untracked 
| 116|0x0000000089000000, 0x0000000089000000, 0x0000000089100000|  0%| F|  |TAMS 0x0000000089000000, 0x0000000089000000| Untracked 
| 117|0x0000000089100000, 0x00000000891482f0, 0x0000000089200000| 28%| E|  |TAMS 0x0000000089100000, 0x0000000089100000| Complete 
| 118|0x0000000089200000, 0x0000000089300000, 0x0000000089300000|100%| E|CS|TAMS 0x0000000089200000, 0x0000000089200000| Complete 
| 119|0x0000000089300000, 0x0000000089400000, 0x0000000089400000|100%| E|CS|TAMS 0x0000000089300000, 0x0000000089300000| Complete 
| 120|0x0000000089400000, 0x0000000089500000, 0x0000000089500000|100%| E|CS|TAMS 0x0000000089400000, 0x0000000089400000| Complete 
| 121|0x0000000089500000, 0x0000000089600000, 0x0000000089600000|100%| E|CS|TAMS 0x0000000089500000, 0x0000000089500000| Complete 
| 122|0x0000000089600000, 0x0000000089700000, 0x0000000089700000|100%| E|CS|TAMS 0x0000000089600000, 0x0000000089600000| Complete 
| 123|0x0000000089700000, 0x0000000089800000, 0x0000000089800000|100%| E|CS|TAMS 0x0000000089700000, 0x0000000089700000| Complete 
| 124|0x0000000089800000, 0x0000000089900000, 0x0000000089900000|100%| E|CS|TAMS 0x0000000089800000, 0x0000000089800000| Complete 
| 125|0x0000000089900000, 0x0000000089a00000, 0x0000000089a00000|100%| E|CS|TAMS 0x0000000089900000, 0x0000000089900000| Complete 
| 126|0x0000000089a00000, 0x0000000089b00000, 0x0000000089b00000|100%| E|CS|TAMS 0x0000000089a00000, 0x0000000089a00000| Complete 
| 127|0x0000000089b00000, 0x0000000089c00000, 0x0000000089c00000|100%| E|CS|TAMS 0x0000000089b00000, 0x0000000089b00000| Complete 

Card table byte_map: [0x00000183f9210000,0x00000183f9610000] _byte_map_base: 0x00000183f8e02000

Marking Bits (Prev, Next): (CMBitMap*) 0x00000183f4bcb278, (CMBitMap*) 0x00000183f4bcb2b0
 Prev Bits: [0x00000183f9a10000, 0x00000183fb9a0000)
 Next Bits: [0x00000183fb9a0000, 0x00000183fd930000)

Polling page: 0x00000183f3160000

Metaspace:

Usage:
  Non-class:      9.15 MB capacity,     9.06 MB (>99%) used,    75.41 KB ( <1%) free+waste,    13.75 KB ( <1%) overhead. 
      Class:    804.00 KB capacity,   738.10 KB ( 92%) used,    59.46 KB (  7%) free+waste,     6.44 KB ( <1%) overhead. 
       Both:      9.94 MB capacity,     9.78 MB ( 98%) used,   134.88 KB (  1%) free+waste,    20.19 KB ( <1%) overhead. 

Virtual space:
  Non-class space:       10.00 MB reserved,       9.25 MB ( 93%) committed 
      Class space:        1.00 GB reserved,     896.00 KB ( <1%) committed 
             Both:        1.01 GB reserved,      10.13 MB ( <1%) committed 

Chunk freelists:
   Non-Class:  102.00 KB
       Class:  0 bytes
        Both:  102.00 KB

MaxMetaspaceSize: 17179869184.00 GB
CompressedClassSpaceSize: 1.00 GB
Initial GC threshold: 20.80 MB
Current GC threshold: 20.80 MB
CDS: off

CodeHeap 'non-profiled nmethods': size=120064Kb used=213Kb max_used=213Kb free=119850Kb
 bounds [0x0000018387ac0000, 0x0000018387d30000, 0x000001838f000000]
CodeHeap 'profiled nmethods': size=120000Kb used=1110Kb max_used=1110Kb free=118890Kb
 bounds [0x0000018380590000, 0x0000018380800000, 0x0000018387ac0000]
CodeHeap 'non-nmethods': size=5696Kb used=1560Kb max_used=1572Kb free=4135Kb
 bounds [0x0000018380000000, 0x0000018380270000, 0x0000018380590000]
 total_blobs=1661 nmethods=709 adapters=865
 compilation: enabled
              stopped_count=0, restarted_count=0
 full_count=0

Compilation events (20 events):
Event: 1.292 Thread 0x00000183fff5c000 nmethod 699 0x00000183806a0690 code [0x00000183806a0860, 0x00000183806a0b98]
Event: 1.292 Thread 0x00000183fff5c000  700       3       jdk.internal.jimage.ImageReader::requireOpen (18 bytes)
Event: 1.292 Thread 0x00000183fff5c000 nmethod 700 0x00000183806a0d10 code [0x00000183806a0ee0, 0x00000183806a10e8]
Event: 1.292 Thread 0x00000183fff5c000  701       3       java.nio.MappedByteBuffer::rewind (5 bytes)
Event: 1.292 Thread 0x00000183fff5c000 nmethod 701 0x00000183806a1210 code [0x00000183806a13e0, 0x00000183806a1618]
Event: 1.293 Thread 0x00000183fff56000 nmethod 695 0x0000018387af4890 code [0x0000018387af4a40, 0x0000018387af4be8]
Event: 1.294 Thread 0x00000183fff5c000  702       3       java.nio.Buffer::checkBounds (25 bytes)
Event: 1.295 Thread 0x00000183fff5c000 nmethod 702 0x00000183806a1710 code [0x00000183806a18e0, 0x00000183806a1ac8]
Event: 1.299 Thread 0x00000183fff56000  703       4       java.lang.ref.Reference::reachabilityFence (1 bytes)
Event: 1.299 Thread 0x00000183fff56000 nmethod 703 0x0000018387af4e10 code [0x0000018387af4fa0, 0x0000018387af4fd8]
Event: 1.301 Thread 0x00000183fff5c000  704       3       java.nio.ByteBuffer::flip (7 bytes)
Event: 1.302 Thread 0x00000183fff5c000 nmethod 704 0x00000183806a1b90 code [0x00000183806a1d40, 0x00000183806a1eb8]
Event: 1.302 Thread 0x00000183fff5c000  705       3       java.nio.Buffer::flip (20 bytes)
Event: 1.302 Thread 0x00000183fff5c000 nmethod 705 0x00000183806a1f90 code [0x00000183806a2140, 0x00000183806a2258]
Event: 1.324 Thread 0x00000183fff5c000  708       3       jdk.internal.jimage.ImageStringsReader::charsFromByteBuffer (186 bytes)
Event: 1.326 Thread 0x00000183fff5c000 nmethod 708 0x00000183806a2310 code [0x00000183806a26a0, 0x00000183806a3c68]
Event: 1.326 Thread 0x00000183fff5c000  706       3       jdk.internal.jimage.ImageStringsReader::get (9 bytes)
Event: 1.326 Thread 0x00000183fff5c000 nmethod 706 0x00000183806a4410 code [0x00000183806a45c0, 0x00000183806a4768]
Event: 1.326 Thread 0x00000183fff5c000  707       3       jdk.internal.jimage.BasicImageReader::getString (48 bytes)
Event: 1.327 Thread 0x00000183fff5c000 nmethod 707 0x00000183806a4810 code [0x00000183806a4a80, 0x00000183806a5498]

GC Heap History (0 events):
No events

Deoptimization events (18 events):
Event: 0.218 Thread 0x00000183f4b8b000 Uncommon trap: trap_request=0xffffff4d fr.pc=0x0000018387ac1390 relative=0x0000000000000070
Event: 0.218 Thread 0x00000183f4b8b000 Uncommon trap: reason=unstable_if action=reinterpret pc=0x0000018387ac1390 method=java.lang.String.isLatin1()Z @ 10 c2
Event: 0.218 Thread 0x00000183f4b8b000 DEOPT PACKING pc=0x0000018387ac1390 sp=0x0000005fdb0fecd0
Event: 0.218 Thread 0x00000183f4b8b000 DEOPT UNPACKING pc=0x000001838004a1af sp=0x0000005fdb0fec10 mode 2
Event: 0.221 Thread 0x00000183f4b8b000 Uncommon trap: trap_request=0xffffff4d fr.pc=0x0000018387ac4218 relative=0x0000000000000178
Event: 0.221 Thread 0x00000183f4b8b000 Uncommon trap: reason=unstable_if action=reinterpret pc=0x0000018387ac4218 method=java.lang.String.hashCode()I @ 14 c2
Event: 0.221 Thread 0x00000183f4b8b000 DEOPT PACKING pc=0x0000018387ac4218 sp=0x0000005fdb0fd570
Event: 0.221 Thread 0x00000183f4b8b000 DEOPT UNPACKING pc=0x000001838004a1af sp=0x0000005fdb0fd508 mode 2
Event: 0.434 Thread 0x00000183f4b8b000 DEOPT PACKING pc=0x00000183805ea6b8 sp=0x0000005fdb0fb2b0
Event: 0.434 Thread 0x00000183f4b8b000 DEOPT UNPACKING pc=0x000001838004a95e sp=0x0000005fdb0fa708 mode 0
Event: 0.442 Thread 0x00000183f4b8b000 DEOPT PACKING pc=0x00000183805ec4a2 sp=0x0000005fdb0f9eb0
Event: 0.442 Thread 0x00000183f4b8b000 DEOPT UNPACKING pc=0x000001838004a95e sp=0x0000005fdb0f9318 mode 0
Event: 0.458 Thread 0x00000183f4b8b000 DEOPT PACKING pc=0x00000183805ba450 sp=0x0000005fdb0fb440
Event: 0.458 Thread 0x00000183f4b8b000 DEOPT UNPACKING pc=0x000001838004a95e sp=0x0000005fdb0fa8c8 mode 0
Event: 0.531 Thread 0x00000183f4b8b000 Uncommon trap: trap_request=0xffffff4d fr.pc=0x0000018387ac9280 relative=0x0000000000000060
Event: 0.531 Thread 0x00000183f4b8b000 Uncommon trap: reason=unstable_if action=reinterpret pc=0x0000018387ac9280 method=java.io.WinNTFileSystem.isSlash(C)Z @ 9 c2
Event: 0.531 Thread 0x00000183f4b8b000 DEOPT PACKING pc=0x0000018387ac9280 sp=0x0000005fdb0fbe70
Event: 0.531 Thread 0x00000183f4b8b000 DEOPT UNPACKING pc=0x000001838004a1af sp=0x0000005fdb0fbdf8 mode 2

Classes redefined (0 events):
No events

Internal exceptions (20 events):
Event: 0.598 Thread 0x00000183f4b8b000 Exception <a 'java/security/PrivilegedActionException'{0x00000000897ec3d8}> (0x00000000897ec3d8) thrown at [src/hotspot/share/prims/jvm.cpp, line 1306]
Event: 0.599 Thread 0x00000183f4b8b000 Exception <a 'java/security/PrivilegedActionException'{0x00000000897ee1f0}> (0x00000000897ee1f0) thrown at [src/hotspot/share/prims/jvm.cpp, line 1306]
Event: 0.599 Thread 0x00000183f4b8b000 Exception <a 'java/security/PrivilegedActionException'{0x00000000897ee4c0}> (0x00000000897ee4c0) thrown at [src/hotspot/share/prims/jvm.cpp, line 1306]
Event: 0.599 Thread 0x00000183f4b8b000 Exception <a 'java/security/PrivilegedActionException'{0x00000000897f02a8}> (0x00000000897f02a8) thrown at [src/hotspot/share/prims/jvm.cpp, line 1306]
Event: 0.599 Thread 0x00000183f4b8b000 Exception <a 'java/security/PrivilegedActionException'{0x00000000897f0578}> (0x00000000897f0578) thrown at [src/hotspot/share/prims/jvm.cpp, line 1306]
Event: 0.643 Thread 0x00000183f4b8b000 Exception <a 'sun/nio/fs/WindowsException'{0x00000000896f5778}> (0x00000000896f5778) thrown at [src/hotspot/share/prims/jni.cpp, line 616]
Event: 0.643 Thread 0x00000183f4b8b000 Exception <a 'sun/nio/fs/WindowsException'{0x00000000896f5800}> (0x00000000896f5800) thrown at [src/hotspot/share/prims/jni.cpp, line 616]
Event: 0.906 Thread 0x00000183f4b8b000 Exception <a 'java/lang/NoSuchMethodError'{0x00000000895642e0}: 'void java.lang.invoke.DirectMethodHandle$Holder.invokeStaticInit(java.lang.Object, long, double, double)'> (0x00000000895642e0) thrown at [src/hotspot/share/interpreter/linkResolver.cpp, line 773]
Event: 0.911 Thread 0x00000183f4b8b000 Exception <a 'java/lang/NoSuchMethodError'{0x0000000089577150}: 'void java.lang.invoke.DirectMethodHandle$Holder.invokeStaticInit(java.lang.Object, long, int, int, int)'> (0x0000000089577150) thrown at [src/hotspot/share/interpreter/linkResolver.cpp, line 773]
Event: 0.918 Thread 0x00000183f4b8b000 Exception <a 'java/lang/NoSuchMethodError'{0x0000000089597fa8}: 'void java.lang.invoke.DirectMethodHandle$Holder.invokeStaticInit(java.lang.Object, long, int, int, int, int)'> (0x0000000089597fa8) thrown at [src/hotspot/share/interpreter/linkResolver.cpp, line 773]
Event: 0.982 Thread 0x00000183f4b8b000 Exception <a 'sun/nio/fs/WindowsException'{0x00000000895e4a08}> (0x00000000895e4a08) thrown at [src/hotspot/share/prims/jni.cpp, line 616]
Event: 0.982 Thread 0x00000183f4b8b000 Exception <a 'sun/nio/fs/WindowsException'{0x00000000895e4a90}> (0x00000000895e4a90) thrown at [src/hotspot/share/prims/jni.cpp, line 616]
Event: 0.994 Thread 0x00000183f4b8b000 Exception <a 'sun/nio/fs/WindowsException'{0x00000000895fad20}> (0x00000000895fad20) thrown at [src/hotspot/share/prims/jni.cpp, line 616]
Event: 0.994 Thread 0x00000183f4b8b000 Exception <a 'sun/nio/fs/WindowsException'{0x00000000895fada8}> (0x00000000895fada8) thrown at [src/hotspot/share/prims/jni.cpp, line 616]
Event: 1.290 Thread 0x00000183f4b8b000 Exception <a 'sun/nio/fs/WindowsException'{0x000000008912fb10}> (0x000000008912fb10) thrown at [src/hotspot/share/prims/jni.cpp, line 616]
Event: 1.290 Thread 0x00000183f4b8b000 Exception <a 'sun/nio/fs/WindowsException'{0x000000008912fb98}> (0x000000008912fb98) thrown at [src/hotspot/share/prims/jni.cpp, line 616]
Event: 1.290 Thread 0x00000183f4b8b000 Exception <a 'sun/nio/fs/WindowsException'{0x00000000891308f8}> (0x00000000891308f8) thrown at [src/hotspot/share/prims/jni.cpp, line 616]
Event: 1.293 Thread 0x00000183f4b8b000 Exception <a 'sun/nio/fs/WindowsException'{0x0000000089138200}> (0x0000000089138200) thrown at [src/hotspot/share/prims/jni.cpp, line 616]
Event: 1.304 Thread 0x00000183f4b8b000 Exception <a 'sun/nio/fs/WindowsException'{0x000000008913b058}> (0x000000008913b058) thrown at [src/hotspot/share/prims/jni.cpp, line 616]
Event: 1.304 Thread 0x00000183f4b8b000 Exception <a 'sun/nio/fs/WindowsException'{0x000000008913b0e0}> (0x000000008913b0e0) thrown at [src/hotspot/share/prims/jni.cpp, line 616]

Events (20 events):
Event: 1.210 loading class org/lwjgl/opengl/GL12C done
Event: 1.211 loading class org/lwjgl/opengl/GL11C
Event: 1.211 loading class org/lwjgl/opengl/GL11C done
Event: 1.219 loading class org/lwjgl/system/APIUtil$Encoder
Event: 1.219 loading class org/lwjgl/system/APIUtil$Encoder done
Event: 1.219 loading class org/lwjgl/system/APIUtil$Encoder
Event: 1.219 loading class org/lwjgl/system/APIUtil$Encoder done
Event: 1.228 loading class org/lwjgl/system/libc/LibCString
Event: 1.228 loading class org/lwjgl/system/libc/LibCString done
Event: 1.283 loading class render/Texture
Event: 1.283 loading class render/Texture done
Event: 1.284 loading class org/lwjgl/stb/STBImage
Event: 1.284 loading class org/lwjgl/stb/STBImage done
Event: 1.286 loading class org/lwjgl/stb/LibSTB
Event: 1.286 loading class org/lwjgl/stb/LibSTB done
Event: 1.290 loading class java/nio/file/FileAlreadyExistsException
Event: 1.291 loading class java/nio/file/FileAlreadyExistsException done
Event: 1.292 loading class java/nio/file/StandardCopyOption
Event: 1.292 loading class java/nio/file/StandardCopyOption done
Event: 1.323 Loaded shared library C:\Users\User\AppData\Local\Temp\lwjglUser\3.3.0-build-21\lwjgl_stb.dll


Dynamic libraries:
0x00007ff78e6e0000 - 0x00007ff78e6ea000 	C:\Program Files\JetBrains\IntelliJ IDEA 2020.3.2\jbr\bin\java.exe
0x00007ffdcf910000 - 0x00007ffdcfb05000 	C:\WINDOWS\SYSTEM32\ntdll.dll
0x00007ffdce7a0000 - 0x00007ffdce85e000 	C:\WINDOWS\System32\KERNEL32.DLL
0x00007ffdcd6a0000 - 0x00007ffdcd968000 	C:\WINDOWS\System32\KERNELBASE.dll
0x00007ffdcd450000 - 0x00007ffdcd550000 	C:\WINDOWS\System32\ucrtbase.dll
0x00007ffdba690000 - 0x00007ffdba6a6000 	C:\Program Files\JetBrains\IntelliJ IDEA 2020.3.2\jbr\bin\VCRUNTIME140.dll
0x00007ffdb93a0000 - 0x00007ffdb93b9000 	C:\Program Files\JetBrains\IntelliJ IDEA 2020.3.2\jbr\bin\jli.dll
0x00007ffdcf470000 - 0x00007ffdcf610000 	C:\WINDOWS\System32\USER32.dll
0x00007ffdcd5f0000 - 0x00007ffdcd612000 	C:\WINDOWS\System32\win32u.dll
0x00007ffdcf070000 - 0x00007ffdcf09b000 	C:\WINDOWS\System32\GDI32.dll
0x00007ffdcd030000 - 0x00007ffdcd13b000 	C:\WINDOWS\System32\gdi32full.dll
0x00007ffdcd550000 - 0x00007ffdcd5ed000 	C:\WINDOWS\System32\msvcp_win.dll
0x00007ffdb9730000 - 0x00007ffdb99ca000 	C:\WINDOWS\WinSxS\amd64_microsoft.windows.common-controls_6595b64144ccf1df_6.0.19041.1110_none_60b5254171f9507e\COMCTL32.dll
0x00007ffdcf170000 - 0x00007ffdcf20e000 	C:\WINDOWS\System32\msvcrt.dll
0x00007ffdcf440000 - 0x00007ffdcf470000 	C:\WINDOWS\System32\IMM32.DLL
0x00007ffd88380000 - 0x00007ffd8842a000 	C:\Program Files\JetBrains\IntelliJ IDEA 2020.3.2\jbr\bin\msvcp140.dll
0x00007ffd7c260000 - 0x00007ffd7cdda000 	C:\Program Files\JetBrains\IntelliJ IDEA 2020.3.2\jbr\bin\server\jvm.dll
0x00007ffdce620000 - 0x00007ffdce6ce000 	C:\WINDOWS\System32\ADVAPI32.dll
0x00007ffdcf210000 - 0x00007ffdcf2ac000 	C:\WINDOWS\System32\sechost.dll
0x00007ffdcf610000 - 0x00007ffdcf735000 	C:\WINDOWS\System32\RPCRT4.dll
0x00007ffdcdfa0000 - 0x00007ffdcdfa8000 	C:\WINDOWS\System32\PSAPI.DLL
0x00007ffda8f60000 - 0x00007ffda8f69000 	C:\WINDOWS\SYSTEM32\WSOCK32.dll
0x00007ffdcf0a0000 - 0x00007ffdcf10b000 	C:\WINDOWS\System32\WS2_32.dll
0x00007ffdb0d80000 - 0x00007ffdb0da7000 	C:\WINDOWS\SYSTEM32\WINMM.dll
0x00007ffdbd1f0000 - 0x00007ffdbd1fa000 	C:\WINDOWS\SYSTEM32\VERSION.dll
0x00007ffdcb890000 - 0x00007ffdcb8a2000 	C:\WINDOWS\SYSTEM32\kernel.appcore.dll
0x00007ffdbe8a0000 - 0x00007ffdbe8b1000 	C:\Program Files\JetBrains\IntelliJ IDEA 2020.3.2\jbr\bin\verify.dll
0x00007ffdc9c20000 - 0x00007ffdc9e04000 	C:\WINDOWS\SYSTEM32\DBGHELP.DLL
0x00007ffdb7e60000 - 0x00007ffdb7e8c000 	C:\WINDOWS\SYSTEM32\dbgcore.DLL
0x00007ffdcd3c0000 - 0x00007ffdcd442000 	C:\WINDOWS\System32\bcryptPrimitives.dll
0x00007ffdbe270000 - 0x00007ffdbe299000 	C:\Program Files\JetBrains\IntelliJ IDEA 2020.3.2\jbr\bin\java.dll
0x00007ffdc7d10000 - 0x00007ffdc7d1b000 	C:\Program Files\JetBrains\IntelliJ IDEA 2020.3.2\jbr\bin\jimage.dll
0x00007ffdbe250000 - 0x00007ffdbe269000 	C:\Program Files\JetBrains\IntelliJ IDEA 2020.3.2\jbr\bin\zip.dll
0x00007ffdce920000 - 0x00007ffdcf064000 	C:\WINDOWS\System32\SHELL32.dll
0x00007ffdcac90000 - 0x00007ffdcb424000 	C:\WINDOWS\SYSTEM32\windows.storage.dll
0x00007ffdce1c0000 - 0x00007ffdce514000 	C:\WINDOWS\System32\combase.dll
0x00007ffdcc8e0000 - 0x00007ffdcc90c000 	C:\WINDOWS\SYSTEM32\Wldp.dll
0x00007ffdcf2b0000 - 0x00007ffdcf35d000 	C:\WINDOWS\System32\SHCORE.dll
0x00007ffdcdfb0000 - 0x00007ffdce005000 	C:\WINDOWS\System32\shlwapi.dll
0x00007ffdccf70000 - 0x00007ffdccf8f000 	C:\WINDOWS\SYSTEM32\profapi.dll
0x00007ffdbe1e0000 - 0x00007ffdbe1fa000 	C:\Program Files\JetBrains\IntelliJ IDEA 2020.3.2\jbr\bin\net.dll
0x00007ffdbea40000 - 0x00007ffdbeb49000 	C:\WINDOWS\SYSTEM32\WINHTTP.dll
0x00007ffdcc6c0000 - 0x00007ffdcc72a000 	C:\WINDOWS\system32\mswsock.dll
0x00007ffdbe1c0000 - 0x00007ffdbe1d4000 	C:\Program Files\JetBrains\IntelliJ IDEA 2020.3.2\jbr\bin\nio.dll
0x00007ffd88990000 - 0x00007ffd88a01000 	C:\Users\User\AppData\Local\Temp\lwjglUser\3.3.0-build-21\lwjgl.dll
0x00007ffd881f0000 - 0x00007ffd88251000 	C:\Users\User\AppData\Local\Temp\lwjglUser\3.3.0-build-21\glfw.dll
0x00007ffd90b10000 - 0x00007ffd90b55000 	C:\WINDOWS\SYSTEM32\dinput8.dll
0x00007ffdad210000 - 0x00007ffdad221000 	C:\WINDOWS\SYSTEM32\xinput1_4.dll
0x00007ffdcd620000 - 0x00007ffdcd66e000 	C:\WINDOWS\System32\cfgmgr32.dll
0x00007ffdccd80000 - 0x00007ffdccdb3000 	C:\WINDOWS\SYSTEM32\DEVOBJ.dll
0x00007ffdca150000 - 0x00007ffdca17f000 	C:\WINDOWS\SYSTEM32\dwmapi.dll
0x00007ffdbc5f0000 - 0x00007ffdbc742000 	C:\WINDOWS\SYSTEM32\inputhost.dll
0x00007ffdce6d0000 - 0x00007ffdce79d000 	C:\WINDOWS\System32\OLEAUT32.dll
0x00007ffdc9720000 - 0x00007ffdc9812000 	C:\WINDOWS\SYSTEM32\CoreMessaging.dll
0x00007ffdc7dc0000 - 0x00007ffdc7eb6000 	C:\WINDOWS\SYSTEM32\PROPSYS.dll
0x00007ffdc7f20000 - 0x00007ffdc8074000 	C:\WINDOWS\SYSTEM32\wintypes.dll
0x00007ffdc9040000 - 0x00007ffdc939e000 	C:\WINDOWS\SYSTEM32\CoreUIComponents.dll
0x00007ffdcbdb0000 - 0x00007ffdcbde3000 	C:\WINDOWS\SYSTEM32\ntmarta.dll
0x00007ffdc9f10000 - 0x00007ffdc9fae000 	C:\WINDOWS\system32\uxtheme.dll
0x00007ffdcde60000 - 0x00007ffdcdf76000 	C:\WINDOWS\System32\MSCTF.dll
0x00007ffdae970000 - 0x00007ffdaea96000 	C:\WINDOWS\SYSTEM32\opengl32.dll
0x00007ffdae910000 - 0x00007ffdae93c000 	C:\WINDOWS\SYSTEM32\GLU32.dll
0x00007ffdce870000 - 0x00007ffdce919000 	C:\WINDOWS\System32\clbcatq.dll
0x00007ffd56990000 - 0x00007ffd57955000 	C:\WINDOWS\System32\DriverStore\FileRepository\iigd_dch.inf_amd64_a086f01cc7be643a\ig9icd64.dll
0x00007ffdcf7a0000 - 0x00007ffdcf8ca000 	C:\WINDOWS\System32\ole32.dll
0x00007ffdcb900000 - 0x00007ffdcb9f3000 	C:\WINDOWS\system32\dxgi.dll
0x00007ffdc2530000 - 0x00007ffdc276f000 	C:\WINDOWS\System32\DriverStore\FileRepository\iigd_dch.inf_amd64_a086f01cc7be643a\igdgmm64.dll
0x00007ffdbf330000 - 0x00007ffdc1f92000 	C:\WINDOWS\System32\DriverStore\FileRepository\iigd_dch.inf_amd64_a086f01cc7be643a\igc64.dll
0x00007ffdccea0000 - 0x00007ffdcceeb000 	C:\WINDOWS\SYSTEM32\powrprof.dll
0x00007ffdccdd0000 - 0x00007ffdccde2000 	C:\WINDOWS\SYSTEM32\UMPDC.dll
0x00007ffd63470000 - 0x00007ffd63885000 	C:\WINDOWS\System32\DriverStore\FileRepository\iigd_dch.inf_amd64_a086f01cc7be643a\igdml64.dll
0x00007ffdbc750000 - 0x00007ffdbc849000 	C:\WINDOWS\SYSTEM32\textinputframework.dll
0x00007ffd8a200000 - 0x00007ffd8a25d000 	C:\Users\User\AppData\Local\Temp\lwjglUser\3.3.0-build-21\lwjgl_opengl.dll
0x00007ffd88160000 - 0x00007ffd881e1000 	C:\Users\User\AppData\Local\Temp\lwjglUser\3.3.0-build-21\lwjgl_stb.dll

dbghelp: loaded successfully - version: 4.0.5 - missing functions: none
symbol engine: initialized successfully - sym options: 0x614 - pdb path: .;C:\Program Files\JetBrains\IntelliJ IDEA 2020.3.2\jbr\bin;C:\WINDOWS\SYSTEM32;C:\WINDOWS\WinSxS\amd64_microsoft.windows.common-controls_6595b64144ccf1df_6.0.19041.1110_none_60b5254171f9507e;C:\Program Files\JetBrains\IntelliJ IDEA 2020.3.2\jbr\bin\server;C:\Users\User\AppData\Local\Temp\lwjglUser\3.3.0-build-21;C:\WINDOWS\System32\DriverStore\FileRepository\iigd_dch.inf_amd64_a086f01cc7be643a

VM Arguments:
jvm_args: -Dfile.encoding=windows-1252 -Duser.country=US -Duser.language=en -Duser.variant -ea 
java_command: Main
java_class_path (initial): C:\Users\User\IdeaProjects\JavaProjects\Mario\build\classes\java\main;C:\Users\User\IdeaProjects\JavaProjects\Mario\build\resources\main;C:\Users\User\.gradle\caches\modules-2\files-2.1\org.lwjgl\lwjgl-assimp\3.3.0\82135e856184e76d38a97f729141298d3edcf0e4\lwjgl-assimp-3.3.0.jar;C:\Users\User\.gradle\caches\modules-2\files-2.1\org.lwjgl\lwjgl-assimp\3.3.0\3256ea17d2f82e98a2e6464cb165a3af49ac5e36\lwjgl-assimp-3.3.0-natives-windows.jar;C:\Users\User\.gradle\caches\modules-2\files-2.1\org.lwjgl\lwjgl-glfw\3.3.0\899e34f314525596f8fdb6476d3e56104da4601d\lwjgl-glfw-3.3.0.jar;C:\Users\User\.gradle\caches\modules-2\files-2.1\org.lwjgl\lwjgl-glfw\3.3.0\b2d71cebdfecc512131879573e835211cb47b91f\lwjgl-glfw-3.3.0-natives-windows.jar;C:\Users\User\.gradle\caches\modules-2\files-2.1\org.lwjgl\lwjgl-nfd\3.3.0\6d0e4be3e2811979b3cad55f642c5b13559fa202\lwjgl-nfd-3.3.0.jar;C:\Users\User\.gradle\caches\modules-2\files-2.1\org.lwjgl\lwjgl-nfd\3.3.0\eabaa0a7dcf9597d6a11c2d706431fd884dd84d9\lwjgl-nfd-3.3.0-natives-windows.jar;C:\Users\User\.gradle\caches\modules-2\files-2.1\org.lwjgl\lwjgl-openal\3.3.0\902dd57b5a46e8a75ee843c2db61f80b4d130d48\lwjgl-openal-3.3.0.jar;C:\Users\User\.gradle\caches\modules-2\files-2.1\org.lwjgl\lwjgl-openal\3.3.0\d6e59a987bd196b9a7ce161db41fe1727b0d88f\lwjgl-openal-3.3.0-natives-windows.jar;C:\Users\User\.gradle\caches\modules-2\files-2.1\org.lwjgl\lwjgl-opengl\3.3.0\a1f395f7758a3abd5aff75fc8a20368ac371631e\lwjgl-opengl-3.3.0.jar;C:\Users\User\.gradle\caches\modules-2\files-2.1\org.lwjgl\lwjgl-opengl\3.3.0\de52e197709c8d03cb386ed7b3b4ce8b96a339f3\lwjgl-opengl-3.3.0-natives-windows.jar;C:\Users\User\.gradle\caches\modules-2\files-2.1\org.lwjgl\lwjgl-stb\3.3.0\69becce49e19671fccca33bfb273231055bd9fcf\lwjgl-stb-3.3.0.jar;C:\Users\User\.gradle\caches\modules-2\files-2.1\org.lwjgl\lwjgl-stb\3.3.0\58994705dc03cca4da31ab850edfae51cfbff74c\lwjgl-stb-3.3.0-natives-windows.jar;C:\Users\User\.gradle\caches\modules-2\files-2.1\org.lwjgl\lwjgl\3.
Launcher Type: SUN_STANDARD

[Global flags]
     intx CICompilerCount                          = 3                                         {product} {ergonomic}
     uint ConcGCThreads                            = 1                                         {product} {ergonomic}
     uint G1ConcRefinementThreads                  = 4                                         {product} {ergonomic}
   size_t G1HeapRegionSize                         = 1048576                                   {product} {ergonomic}
    uintx GCDrainStackTargetSize                   = 64                                        {product} {ergonomic}
   size_t InitialHeapSize                          = 134217728                                 {product} {ergonomic}
   size_t MarkStackSize                            = 4194304                                   {product} {ergonomic}
   size_t MaxHeapSize                              = 2118123520                                {product} {ergonomic}
   size_t MaxNewSize                               = 1270874112                                {product} {ergonomic}
   size_t MinHeapDeltaBytes                        = 1048576                                   {product} {ergonomic}
    uintx NonNMethodCodeHeapSize                   = 5830732                                {pd product} {ergonomic}
    uintx NonProfiledCodeHeapSize                  = 122913754                              {pd product} {ergonomic}
    uintx ProfiledCodeHeapSize                     = 122913754                              {pd product} {ergonomic}
    uintx ReservedCodeCacheSize                    = 251658240                              {pd product} {ergonomic}
     bool SegmentedCodeCache                       = true                                      {product} {ergonomic}
     bool UseCompressedClassPointers               = true                                 {lp64_product} {ergonomic}
     bool UseCompressedOops                        = true                                 {lp64_product} {ergonomic}
     bool UseG1GC                                  = true                                      {product} {ergonomic}
     bool UseLargePagesIndividualAllocation        = false                                  {pd product} {ergonomic}

Logging:
Log output configuration:
 #0: stdout all=warning uptime,level,tags
 #1: stderr all=off uptime,level,tags

Environment Variables:
PATH=C:\Program Files (x86)\VMware\VMware Workstation\bin\;C:\WINDOWS\system32;C:\WINDOWS;C:\WINDOWS\System32\Wbem;C:\WINDOWS\System32\WindowsPowerShell\v1.0\;C:\WINDOWS\System32\OpenSSH\;C:\xampp\php;C:\Program Files\Git\cmd;C:\Users\User\AppData\Local\Android\Sdk\platform-tools;C:\Program Files\Polyspace\R2021a\runtime\win64;C:\Program Files\Polyspace\R2021a\bin;C:\Users\User\AppData\Local\Microsoft\WindowsApps;C:\Users\User\AppData\Local\Programs\Microsoft VS Code\bin;C:\Users\User\AppData\Local\GitHubDesktop\bin;
USERNAME=User
OS=Windows_NT
PROCESSOR_IDENTIFIER=Intel64 Family 6 Model 142 Stepping 9, GenuineIntel



---------------  S Y S T E M  ---------------

OS: Windows 10 , 64 bit Build 19041 (10.0.19041.1566)
OS uptime: 2 days 0:48 hours
Hyper-V role detected

CPU:total 4 (initial active 4) (2 cores per cpu, 2 threads per core) family 6 model 142 stepping 9 microcode 0xde, cmov, cx8, fxsr, mmx, sse, sse2, sse3, ssse3, sse4.1, sse4.2, popcnt, avx, avx2, aes, clmul, erms, 3dnowpref, lzcnt, ht, tsc, tscinvbit, bmi1, bmi2, adx, fma

Memory: 4k page, system-wide physical 8076M (569M free)
TotalPageFile size 18326M (AvailPageFile size 3118M)
current process WorkingSet (physical memory assigned to process): 145M, peak: 145M
current process commit charge ("private bytes"): 259M, peak: 259M

vm_info: OpenJDK 64-Bit Server VM (11.0.14.1+1-b2043.25) for windows-amd64 JRE (11.0.14.1+1-b2043.25), built on Mar 30 2022 06:22:56 by "" with MS VC++ 14.0 (VS2015)

END.
